\BOOKMARK [-1][-]{part.1}{I\040The\040deformation\040method}{}% 1
\BOOKMARK [0][-]{chapter.1}{Introduction\040to\040point\040counting}{part.1}% 2
\BOOKMARK [1][-]{section.1.1}{Varieties\040over\040finite\040fields\040and\040zeta\040functions}{chapter.1}% 3
\BOOKMARK [1][-]{section.1.2}{Point\040counting\040algorithms}{chapter.1}% 4
\BOOKMARK [1][-]{section.1.3}{This\040thesis}{chapter.1}% 5
\BOOKMARK [0][-]{chapter.2}{Introduction\040to\040the\040deformation\040method}{part.1}% 6
\BOOKMARK [1][-]{section.2.1}{Introduction}{chapter.2}% 7
\BOOKMARK [1][-]{section.2.2}{Families\040of\040smooth,\040projective\040hypersurfaces}{chapter.2}% 8
\BOOKMARK [1][-]{section.2.3}{Outline\040of\040the\040algorithm}{chapter.2}% 9
\BOOKMARK [0][-]{chapter.3}{Frobenius\040on\040the\040diagonal\040fibre}{part.1}% 10
\BOOKMARK [1][-]{section.3.1}{Introduction}{chapter.3}% 11
\BOOKMARK [1][-]{section.3.2}{Improvements}{chapter.3}% 12
\BOOKMARK [2][-]{subsection.3.2.1}{The\040case\040p\040=\0402}{section.3.2}% 13
\BOOKMARK [2][-]{subsection.3.2.2}{The\040case\040of\040odd\040primes}{section.3.2}% 14
\BOOKMARK [1][-]{section.3.3}{Description\040of\040the\040algorithm}{chapter.3}% 15
\BOOKMARK [1][-]{section.3.4}{Examples}{chapter.3}% 16
\BOOKMARK [0][-]{chapter.4}{Constructing the Gauss–Manin connection}{part.1}% 17
\BOOKMARK [1][-]{section.4.1}{Scheme-theoretic\040introduction}{chapter.4}% 18
\BOOKMARK [1][-]{section.4.2}{Hypersurfaces\040in\040projective\040space}{chapter.4}% 19
\BOOKMARK [1][-]{section.4.3}{Computing\040in\040de\040Rham\040cohomology}{chapter.4}% 20
\BOOKMARK [2][-]{subsection.4.3.1}{Reduction\040of\040poles}{section.4.3}% 21
\BOOKMARK [2][-]{subsection.4.3.2}{Reduction\040of\040poles\040using\040linear\040algebra}{section.4.3}% 22
\BOOKMARK [2][-]{subsection.4.3.3}{Sparse\040matrix\040techniques}{section.4.3}% 23
\BOOKMARK [1][-]{section.4.4}{Description\040of\040the\040algorithm}{chapter.4}% 24
\BOOKMARK [1][-]{section.4.5}{Examples}{chapter.4}% 25
\BOOKMARK [2][-]{subsection.4.5.1}{A\040toy\040example}{section.4.5}% 26
\BOOKMARK [2][-]{subsection.4.5.2}{Quartic\040surfaces}{section.4.5}% 27
\BOOKMARK [2][-]{subsection.4.5.3}{A\040quintic\040surface}{section.4.5}% 28
\BOOKMARK [1][-]{section.4.6}{Further\040remarks}{chapter.4}% 29
\BOOKMARK [0][-]{chapter.5}{From\040differential\040systems\040to\040zeta\040functions}{part.1}% 30
\BOOKMARK [1][-]{section.5.1}{p-Adic\040differential\040system\040and\040local\040expansion\040of\040Frobenius}{chapter.5}% 31
\BOOKMARK [1][-]{section.5.2}{Analytic\040continuation\040and\040evaluation}{chapter.5}% 32
\BOOKMARK [1][-]{section.5.3}{Recovering\040zeta\040functions}{chapter.5}% 33
\BOOKMARK [2][-]{subsection.5.3.1}{Computing the action of q-1 `3́9`42`"̇613A``45`47`"603AFq on Hrign\(Ut1\)}{section.5.3}% 34
\BOOKMARK [2][-]{subsection.5.3.2}{Computing\040characteristic\040polynomials}{section.5.3}% 35
\BOOKMARK [2][-]{subsection.5.3.3}{Computing\040Weil\040polynomials}{section.5.3}% 36
\BOOKMARK [0][-]{chapter.6}{Examples}{part.1}% 37
\BOOKMARK [1][-]{section.6.1}{A\040genus\040six\040curve}{chapter.6}% 38
\BOOKMARK [1][-]{section.6.2}{A\040quartic\040surface}{chapter.6}% 39
\BOOKMARK [1][-]{section.6.3}{A\040quintic\040surface}{chapter.6}% 40
\BOOKMARK [1][-]{section.6.4}{A\040cyclic\040cubic\040threefold}{chapter.6}% 41
\BOOKMARK [1][-]{section.6.5}{A\040generic\040quintic\040curve}{chapter.6}% 42
\BOOKMARK [1][-]{section.6.6}{A\040generic\040sextic\040curve}{chapter.6}% 43
\BOOKMARK [1][-]{section.6.7}{A\040generic\040quartic\040surface}{chapter.6}% 44
\BOOKMARK [1][-]{section.6.8}{Another\040quartic\040surface}{chapter.6}% 45
\BOOKMARK [-1][-]{part.2}{II\040The\040fibration\040method\040and\040fast\040radix\040conversion\040for\040polynomials}{}% 46
\BOOKMARK [0][-]{chapter.7}{Introduction}{part.2}% 47
\BOOKMARK [0][-]{chapter.8}{Algorithms}{part.2}% 48
\BOOKMARK [1][-]{section.8.1}{Euclidean\040division\040and\040complexity\040results}{chapter.8}% 49
\BOOKMARK [1][-]{section.8.2}{Repeated\040division\040by\040the\040radix}{chapter.8}% 50
\BOOKMARK [1][-]{section.8.3}{Divide\040and\040conquer}{chapter.8}% 51
\BOOKMARK [1][-]{section.8.4}{Euclidean\040division\040with\040precomputed\040inverses}{chapter.8}% 52
\BOOKMARK [0][-]{chapter.9}{Examples}{part.2}% 53
\BOOKMARK [-1][-]{part.3}{III\040Implementing\040the\040underlying\040arithmetic}{}% 54
\BOOKMARK [0][-]{chapter.10}{Unramified\040p-adic\040arithmetic}{part.3}% 55
\BOOKMARK [1][-]{section.10.1}{Data\040format}{chapter.10}% 56
\BOOKMARK [1][-]{section.10.2}{Review\040of\040complexity\040results\040and\040related\040definitions}{chapter.10}% 57
\BOOKMARK [1][-]{section.10.3}{Hensel\040lifting}{chapter.10}% 58
\BOOKMARK [1][-]{section.10.4}{Addition,\040subtraction,\040negation}{chapter.10}% 59
\BOOKMARK [1][-]{section.10.5}{Multiplication}{chapter.10}% 60
\BOOKMARK [1][-]{section.10.6}{Inversion}{chapter.10}% 61
\BOOKMARK [1][-]{section.10.7}{Inverse\040square\040root}{chapter.10}% 62
\BOOKMARK [1][-]{section.10.8}{Square\040root}{chapter.10}% 63
\BOOKMARK [1][-]{section.10.9}{Teichmüller lift}{chapter.10}% 64
\BOOKMARK [1][-]{section.10.10}{Frobenius}{chapter.10}% 65
\BOOKMARK [1][-]{section.10.11}{Trace}{chapter.10}% 66
\BOOKMARK [1][-]{section.10.12}{Norm}{chapter.10}% 67
\BOOKMARK [1][-]{section.10.13}{Exponential}{chapter.10}% 68
\BOOKMARK [2][-]{subsection.10.13.1}{Definition}{section.10.13}% 69
\BOOKMARK [2][-]{subsection.10.13.2}{Rectangular\040splitting}{section.10.13}% 70
\BOOKMARK [2][-]{subsection.10.13.3}{Binary\040splitting}{section.10.13}% 71
\BOOKMARK [1][-]{section.10.14}{Logarithm}{chapter.10}% 72
\BOOKMARK [2][-]{subsection.10.14.1}{Definition}{section.10.14}% 73
\BOOKMARK [2][-]{subsection.10.14.2}{Rectangular\040splitting}{section.10.14}% 74
\BOOKMARK [2][-]{subsection.10.14.3}{Binary\040splitting}{section.10.14}% 75
\BOOKMARK [1][-]{section.10.15}{Benchmarks}{chapter.10}% 76
\BOOKMARK [-1][-]{section*.13}{Bibliography}{}% 77
