This is XeTeX, Version 3.14159265-2.6-0.99996 (TeX Live 2016) (preloaded format=xelatex 2017.1.24)  27 JAN 2017 11:37
entering extended mode
 restricted \write18 enabled.
 %&-line parsing enabled.
**thesis.tex
(./thesis.tex
LaTeX2e <2016/03/31>
Babel <3.9r> and hyphenation patterns for 83 language(s) loaded.
(/usr/local/texlive/2016/texmf-dist/tex/latex/base/book.cls
Document Class: book 2014/09/29 v1.4h Standard LaTeX document class
(/usr/local/texlive/2016/texmf-dist/tex/latex/base/bk11.clo
File: bk11.clo 2014/09/29 v1.4h Standard LaTeX file (size option)
)
\c@part=\count79
\c@chapter=\count80
\c@section=\count81
\c@subsection=\count82
\c@subsubsection=\count83
\c@paragraph=\count84
\c@subparagraph=\count85
\c@figure=\count86
\c@table=\count87
\abovecaptionskip=\skip41
\belowcaptionskip=\skip42
\bibindent=\dimen102
)
(/usr/local/texlive/2016/texmf-dist/tex/latex/geometry/geometry.sty
Package: geometry 2010/09/12 v5.6 Page Geometry

(/usr/local/texlive/2016/texmf-dist/tex/latex/graphics/keyval.sty
Package: keyval 2014/10/28 v1.15 key=value parser (DPC)
\KV@toks@=\toks14
)
(/usr/local/texlive/2016/texmf-dist/tex/generic/oberdiek/ifpdf.sty
Package: ifpdf 2016/05/14 v3.1 Provides the ifpdf switch
)
(/usr/local/texlive/2016/texmf-dist/tex/generic/oberdiek/ifvtex.sty
Package: ifvtex 2016/05/16 v1.6 Detect VTeX and its facilities (HO)
Package ifvtex Info: VTeX not detected.
)
(/usr/local/texlive/2016/texmf-dist/tex/generic/ifxetex/ifxetex.sty
Package: ifxetex 2010/09/12 v0.6 Provides ifxetex conditional
)
\Gm@cnth=\count88
\Gm@cntv=\count89
\c@Gm@tempcnt=\count90
\Gm@bindingoffset=\dimen103
\Gm@wd@mp=\dimen104
\Gm@odd@mp=\dimen105
\Gm@even@mp=\dimen106
\Gm@layoutwidth=\dimen107
\Gm@layoutheight=\dimen108
\Gm@layouthoffset=\dimen109
\Gm@layoutvoffset=\dimen110
\Gm@dimlist=\toks15
)
(/usr/local/texlive/2016/texmf-dist/tex/latex/paralist/paralist.sty
Package: paralist 2015/12/30 v2.5 Extended list environments
\pltopsep=\skip43
\plpartopsep=\skip44
\plitemsep=\skip45
\plparsep=\skip46
\pl@lab=\toks16
)
(/usr/local/texlive/2016/texmf-dist/tex/latex/fancyhdr/fancyhdr.sty
\fancy@headwidth=\skip47
\f@ncyO@elh=\skip48
\f@ncyO@erh=\skip49
\f@ncyO@olh=\skip50
\f@ncyO@orh=\skip51
\f@ncyO@elf=\skip52
\f@ncyO@erf=\skip53
\f@ncyO@olf=\skip54
\f@ncyO@orf=\skip55
)
(/usr/local/texlive/2016/texmf-dist/tex/latex/sectsty/sectsty.sty
Package: sectsty 2002/02/25 v2.0.2 Commands to change all sectional heading sty
les
)
(/usr/local/texlive/2016/texmf-dist/tex/latex/natbib/natbib.sty
Package: natbib 2010/09/13 8.31b (PWD, AO)
\bibhang=\skip56
\bibsep=\skip57
LaTeX Info: Redefining \cite on input line 694.
\c@NAT@ctr=\count91
)
(/usr/local/texlive/2016/texmf-dist/tex/latex/url/url.sty
\Urlmuskip=\muskip10
Package: url 2013/09/16  ver 3.4  Verb mode for urls, etc.
)
(/usr/local/texlive/2016/texmf-dist/tex/latex/base/fontenc.sty
Package: fontenc 2005/09/27 v1.99g Standard LaTeX package

(/usr/local/texlive/2016/texmf-dist/tex/latex/base/t1enc.def
File: t1enc.def 2005/09/27 v1.99g Standard LaTeX file
LaTeX Font Info:    Redeclaring font encoding T1 on input line 48.
))
(/usr/local/texlive/2016/texmf-dist/tex/latex/ae/ae.sty
Package: ae 2001/02/12 1.3 Almost European Computer Modern

(/usr/local/texlive/2016/texmf-dist/tex/latex/base/fontenc.sty
Package: fontenc 2005/09/27 v1.99g Standard LaTeX package

(/usr/local/texlive/2016/texmf-dist/tex/latex/base/t1enc.def
File: t1enc.def 2005/09/27 v1.99g Standard LaTeX file
LaTeX Font Info:    Redeclaring font encoding T1 on input line 48.
)
LaTeX Font Info:    Try loading font information for T1+aer on input line 105.

(/usr/local/texlive/2016/texmf-dist/tex/latex/ae/t1aer.fd
File: t1aer.fd 1997/11/16 Font definitions for T1/aer.
)))
(/usr/local/texlive/2016/texmf-dist/tex/latex/ae/aecompl.sty
Package: aecompl 1998/07/23 0.9 T1 Complements for AE fonts (D. Roegel)
)
(/usr/local/texlive/2016/texmf-dist/tex/latex/booktabs/booktabs.sty
Package: booktabs 2016/04/27 v1.618033 publication quality tables
\heavyrulewidth=\dimen111
\lightrulewidth=\dimen112
\cmidrulewidth=\dimen113
\belowrulesep=\dimen114
\belowbottomsep=\dimen115
\aboverulesep=\dimen116
\abovetopsep=\dimen117
\cmidrulesep=\dimen118
\cmidrulekern=\dimen119
\defaultaddspace=\dimen120
\@cmidla=\count92
\@cmidlb=\count93
\@aboverulesep=\dimen121
\@belowrulesep=\dimen122
\@thisruleclass=\count94
\@lastruleclass=\count95
\@thisrulewidth=\dimen123
)
(/usr/local/texlive/2016/texmf-dist/tex/latex/multirow/multirow.sty
\bigstrutjot=\dimen124
)
(/usr/local/texlive/2016/texmf-dist/tex/latex/tools/verbatim.sty
Package: verbatim 2014/10/28 v1.5q LaTeX2e package for verbatim enhancements
\every@verbatim=\toks17
\verbatim@line=\toks18
\verbatim@in@stream=\read1
)
(/usr/local/texlive/2016/texmf-dist/tex/latex/float/float.sty
Package: float 2001/11/08 v1.3d Float enhancements (AL)
\c@float@type=\count96
\float@exts=\toks19
\float@box=\box26
\@float@everytoks=\toks20
\@floatcapt=\box27
)
(/usr/local/texlive/2016/texmf-dist/tex/latex/pgf/frontendlayer/tikz.sty
(/usr/local/texlive/2016/texmf-dist/tex/latex/pgf/basiclayer/pgf.sty
(/usr/local/texlive/2016/texmf-dist/tex/latex/pgf/utilities/pgfrcs.sty
(/usr/local/texlive/2016/texmf-dist/tex/generic/pgf/utilities/pgfutil-common.te
x
\pgfutil@everybye=\toks21
\pgfutil@tempdima=\dimen125
\pgfutil@tempdimb=\dimen126

(/usr/local/texlive/2016/texmf-dist/tex/generic/pgf/utilities/pgfutil-common-li
sts.tex))
(/usr/local/texlive/2016/texmf-dist/tex/generic/pgf/utilities/pgfutil-latex.def
\pgfutil@abb=\box28
(/usr/local/texlive/2016/texmf-dist/tex/latex/ms/everyshi.sty
Package: everyshi 2001/05/15 v3.00 EveryShipout Package (MS)
))
(/usr/local/texlive/2016/texmf-dist/tex/generic/pgf/utilities/pgfrcs.code.tex
Package: pgfrcs 2015/08/07 v3.0.1a (rcs-revision 1.31)
))
Package: pgf 2015/08/07 v3.0.1a (rcs-revision 1.15)
(/usr/local/texlive/2016/texmf-dist/tex/latex/pgf/basiclayer/pgfcore.sty
(/usr/local/texlive/2016/texmf-dist/tex/latex/graphics/graphicx.sty
Package: graphicx 2014/10/28 v1.0g Enhanced LaTeX Graphics (DPC,SPQR)

(/usr/local/texlive/2016/texmf-dist/tex/latex/graphics/graphics.sty
Package: graphics 2016/05/09 v1.0r Standard LaTeX Graphics (DPC,SPQR)

(/usr/local/texlive/2016/texmf-dist/tex/latex/graphics/trig.sty
Package: trig 2016/01/03 v1.10 sin cos tan (DPC)
)
(/usr/local/texlive/2016/texmf-dist/tex/latex/graphics-cfg/graphics.cfg
File: graphics.cfg 2016/01/02 v1.10 sample graphics configuration
)
Package graphics Info: Driver file: xetex.def on input line 96.

(/usr/local/texlive/2016/texmf-dist/tex/xelatex/xetex-def/xetex.def
File: xetex.def 2016/04/06 v4.08 LaTeX color/graphics driver for XeTeX (TeX Liv
e/RRM/JK)

(/usr/local/texlive/2016/texmf-dist/tex/generic/oberdiek/infwarerr.sty
Package: infwarerr 2016/05/16 v1.4 Providing info/warning/error messages (HO)
)
(/usr/local/texlive/2016/texmf-dist/tex/generic/oberdiek/ltxcmds.sty
Package: ltxcmds 2016/05/16 v1.23 LaTeX kernel commands for general use (HO)
)))
\Gin@req@height=\dimen127
\Gin@req@width=\dimen128
)
(/usr/local/texlive/2016/texmf-dist/tex/latex/pgf/systemlayer/pgfsys.sty
(/usr/local/texlive/2016/texmf-dist/tex/generic/pgf/systemlayer/pgfsys.code.tex
Package: pgfsys 2014/07/09 v3.0.1a (rcs-revision 1.48)
(/usr/local/texlive/2016/texmf-dist/tex/generic/pgf/utilities/pgfkeys.code.tex
\pgfkeys@pathtoks=\toks22
\pgfkeys@temptoks=\toks23

(/usr/local/texlive/2016/texmf-dist/tex/generic/pgf/utilities/pgfkeysfiltered.c
ode.tex
\pgfkeys@tmptoks=\toks24
))
\pgf@x=\dimen129
\pgf@y=\dimen130
\pgf@xa=\dimen131
\pgf@ya=\dimen132
\pgf@xb=\dimen133
\pgf@yb=\dimen134
\pgf@xc=\dimen135
\pgf@yc=\dimen136
\w@pgf@writea=\write3
\r@pgf@reada=\read2
\c@pgf@counta=\count97
\c@pgf@countb=\count98
\c@pgf@countc=\count99
\c@pgf@countd=\count100
\t@pgf@toka=\toks25
\t@pgf@tokb=\toks26
\t@pgf@tokc=\toks27

(/usr/local/texlive/2016/texmf-dist/tex/generic/pgf/systemlayer/pgf.cfg
File: pgf.cfg 2008/05/14  (rcs-revision 1.7)
)
Driver file for pgf: pgfsys-xetex.def

(/usr/local/texlive/2016/texmf-dist/tex/generic/pgf/systemlayer/pgfsys-xetex.de
f
File: pgfsys-xetex.def 2014/07/09  (rcs-revision 1.11)

(/usr/local/texlive/2016/texmf-dist/tex/generic/pgf/systemlayer/pgfsys-dvipdfmx
.def
File: pgfsys-dvipdfmx.def 2014/07/09  (rcs-revision 1.14)

(/usr/local/texlive/2016/texmf-dist/tex/generic/pgf/systemlayer/pgfsys-common-p
df.def
File: pgfsys-common-pdf.def 2013/10/10  (rcs-revision 1.13)
)
\pgfsys@objnum=\count101
)))
(/usr/local/texlive/2016/texmf-dist/tex/generic/pgf/systemlayer/pgfsyssoftpath.
code.tex
File: pgfsyssoftpath.code.tex 2013/09/09  (rcs-revision 1.9)
\pgfsyssoftpath@smallbuffer@items=\count102
\pgfsyssoftpath@bigbuffer@items=\count103
)
(/usr/local/texlive/2016/texmf-dist/tex/generic/pgf/systemlayer/pgfsysprotocol.
code.tex
File: pgfsysprotocol.code.tex 2006/10/16  (rcs-revision 1.4)
)) (/usr/local/texlive/2016/texmf-dist/tex/latex/xcolor/xcolor.sty
Package: xcolor 2016/05/11 v2.12 LaTeX color extensions (UK)

(/usr/local/texlive/2016/texmf-dist/tex/latex/graphics-cfg/color.cfg
File: color.cfg 2016/01/02 v1.6 sample color configuration
)
Package xcolor Info: Driver file: xetex.def on input line 225.
Package xcolor Info: Model `cmy' substituted by `cmy0' on input line 1348.
Package xcolor Info: Model `RGB' extended on input line 1364.
Package xcolor Info: Model `HTML' substituted by `rgb' on input line 1366.
Package xcolor Info: Model `Hsb' substituted by `hsb' on input line 1367.
Package xcolor Info: Model `tHsb' substituted by `hsb' on input line 1368.
Package xcolor Info: Model `HSB' substituted by `hsb' on input line 1369.
Package xcolor Info: Model `Gray' substituted by `gray' on input line 1370.
Package xcolor Info: Model `wave' substituted by `hsb' on input line 1371.
)
(/usr/local/texlive/2016/texmf-dist/tex/generic/pgf/basiclayer/pgfcore.code.tex
Package: pgfcore 2010/04/11 v3.0.1a (rcs-revision 1.7)
(/usr/local/texlive/2016/texmf-dist/tex/generic/pgf/math/pgfmath.code.tex
(/usr/local/texlive/2016/texmf-dist/tex/generic/pgf/math/pgfmathcalc.code.tex
(/usr/local/texlive/2016/texmf-dist/tex/generic/pgf/math/pgfmathutil.code.tex)
(/usr/local/texlive/2016/texmf-dist/tex/generic/pgf/math/pgfmathparser.code.tex
\pgfmath@dimen=\dimen137
\pgfmath@count=\count104
\pgfmath@box=\box29
\pgfmath@toks=\toks28
\pgfmath@stack@operand=\toks29
\pgfmath@stack@operation=\toks30
)
(/usr/local/texlive/2016/texmf-dist/tex/generic/pgf/math/pgfmathfunctions.code.
tex
(/usr/local/texlive/2016/texmf-dist/tex/generic/pgf/math/pgfmathfunctions.basic
.code.tex)
(/usr/local/texlive/2016/texmf-dist/tex/generic/pgf/math/pgfmathfunctions.trigo
nometric.code.tex)
(/usr/local/texlive/2016/texmf-dist/tex/generic/pgf/math/pgfmathfunctions.rando
m.code.tex)
(/usr/local/texlive/2016/texmf-dist/tex/generic/pgf/math/pgfmathfunctions.compa
rison.code.tex)
(/usr/local/texlive/2016/texmf-dist/tex/generic/pgf/math/pgfmathfunctions.base.
code.tex)
(/usr/local/texlive/2016/texmf-dist/tex/generic/pgf/math/pgfmathfunctions.round
.code.tex)
(/usr/local/texlive/2016/texmf-dist/tex/generic/pgf/math/pgfmathfunctions.misc.
code.tex)
(/usr/local/texlive/2016/texmf-dist/tex/generic/pgf/math/pgfmathfunctions.integ
erarithmetics.code.tex)))
(/usr/local/texlive/2016/texmf-dist/tex/generic/pgf/math/pgfmathfloat.code.tex
\c@pgfmathroundto@lastzeros=\count105
))
(/usr/local/texlive/2016/texmf-dist/tex/generic/pgf/basiclayer/pgfcorepoints.co
de.tex
File: pgfcorepoints.code.tex 2013/10/07  (rcs-revision 1.27)
\pgf@picminx=\dimen138
\pgf@picmaxx=\dimen139
\pgf@picminy=\dimen140
\pgf@picmaxy=\dimen141
\pgf@pathminx=\dimen142
\pgf@pathmaxx=\dimen143
\pgf@pathminy=\dimen144
\pgf@pathmaxy=\dimen145
\pgf@xx=\dimen146
\pgf@xy=\dimen147
\pgf@yx=\dimen148
\pgf@yy=\dimen149
\pgf@zx=\dimen150
\pgf@zy=\dimen151
)
(/usr/local/texlive/2016/texmf-dist/tex/generic/pgf/basiclayer/pgfcorepathconst
ruct.code.tex
File: pgfcorepathconstruct.code.tex 2013/10/07  (rcs-revision 1.29)
\pgf@path@lastx=\dimen152
\pgf@path@lasty=\dimen153
)
(/usr/local/texlive/2016/texmf-dist/tex/generic/pgf/basiclayer/pgfcorepathusage
.code.tex
File: pgfcorepathusage.code.tex 2014/11/02  (rcs-revision 1.24)
\pgf@shorten@end@additional=\dimen154
\pgf@shorten@start@additional=\dimen155
)
(/usr/local/texlive/2016/texmf-dist/tex/generic/pgf/basiclayer/pgfcorescopes.co
de.tex
File: pgfcorescopes.code.tex 2015/05/08  (rcs-revision 1.46)
\pgfpic=\box30
\pgf@hbox=\box31
\pgf@layerbox@main=\box32
\pgf@picture@serial@count=\count106
)
(/usr/local/texlive/2016/texmf-dist/tex/generic/pgf/basiclayer/pgfcoregraphicst
ate.code.tex
File: pgfcoregraphicstate.code.tex 2014/11/02  (rcs-revision 1.12)
\pgflinewidth=\dimen156
)
(/usr/local/texlive/2016/texmf-dist/tex/generic/pgf/basiclayer/pgfcoretransform
ations.code.tex
File: pgfcoretransformations.code.tex 2015/08/07  (rcs-revision 1.20)
\pgf@pt@x=\dimen157
\pgf@pt@y=\dimen158
\pgf@pt@temp=\dimen159
)
(/usr/local/texlive/2016/texmf-dist/tex/generic/pgf/basiclayer/pgfcorequick.cod
e.tex
File: pgfcorequick.code.tex 2008/10/09  (rcs-revision 1.3)
)
(/usr/local/texlive/2016/texmf-dist/tex/generic/pgf/basiclayer/pgfcoreobjects.c
ode.tex
File: pgfcoreobjects.code.tex 2006/10/11  (rcs-revision 1.2)
)
(/usr/local/texlive/2016/texmf-dist/tex/generic/pgf/basiclayer/pgfcorepathproce
ssing.code.tex
File: pgfcorepathprocessing.code.tex 2013/09/09  (rcs-revision 1.9)
)
(/usr/local/texlive/2016/texmf-dist/tex/generic/pgf/basiclayer/pgfcorearrows.co
de.tex
File: pgfcorearrows.code.tex 2015/05/14  (rcs-revision 1.43)
\pgfarrowsep=\dimen160
)
(/usr/local/texlive/2016/texmf-dist/tex/generic/pgf/basiclayer/pgfcoreshade.cod
e.tex
File: pgfcoreshade.code.tex 2013/07/15  (rcs-revision 1.15)
\pgf@max=\dimen161
\pgf@sys@shading@range@num=\count107
)
(/usr/local/texlive/2016/texmf-dist/tex/generic/pgf/basiclayer/pgfcoreimage.cod
e.tex
File: pgfcoreimage.code.tex 2013/07/15  (rcs-revision 1.18)

(/usr/local/texlive/2016/texmf-dist/tex/generic/pgf/basiclayer/pgfcoreexternal.
code.tex
File: pgfcoreexternal.code.tex 2014/07/09  (rcs-revision 1.21)
\pgfexternal@startupbox=\box33
))
(/usr/local/texlive/2016/texmf-dist/tex/generic/pgf/basiclayer/pgfcorelayers.co
de.tex
File: pgfcorelayers.code.tex 2013/07/18  (rcs-revision 1.7)
)
(/usr/local/texlive/2016/texmf-dist/tex/generic/pgf/basiclayer/pgfcoretranspare
ncy.code.tex
File: pgfcoretransparency.code.tex 2013/09/30  (rcs-revision 1.5)
)
(/usr/local/texlive/2016/texmf-dist/tex/generic/pgf/basiclayer/pgfcorepatterns.
code.tex
File: pgfcorepatterns.code.tex 2013/11/07  (rcs-revision 1.5)
)))
(/usr/local/texlive/2016/texmf-dist/tex/generic/pgf/modules/pgfmoduleshapes.cod
e.tex
File: pgfmoduleshapes.code.tex 2014/03/21  (rcs-revision 1.35)
\pgfnodeparttextbox=\box34
)
(/usr/local/texlive/2016/texmf-dist/tex/generic/pgf/modules/pgfmoduleplot.code.
tex
File: pgfmoduleplot.code.tex 2015/08/03  (rcs-revision 1.13)
)
(/usr/local/texlive/2016/texmf-dist/tex/latex/pgf/compatibility/pgfcomp-version
-0-65.sty
Package: pgfcomp-version-0-65 2007/07/03 v3.0.1a (rcs-revision 1.7)
\pgf@nodesepstart=\dimen162
\pgf@nodesepend=\dimen163
)
(/usr/local/texlive/2016/texmf-dist/tex/latex/pgf/compatibility/pgfcomp-version
-1-18.sty
Package: pgfcomp-version-1-18 2007/07/23 v3.0.1a (rcs-revision 1.1)
))
(/usr/local/texlive/2016/texmf-dist/tex/latex/pgf/utilities/pgffor.sty
(/usr/local/texlive/2016/texmf-dist/tex/latex/pgf/utilities/pgfkeys.sty
(/usr/local/texlive/2016/texmf-dist/tex/generic/pgf/utilities/pgfkeys.code.tex)
) (/usr/local/texlive/2016/texmf-dist/tex/latex/pgf/math/pgfmath.sty
(/usr/local/texlive/2016/texmf-dist/tex/generic/pgf/math/pgfmath.code.tex))
(/usr/local/texlive/2016/texmf-dist/tex/generic/pgf/utilities/pgffor.code.tex
Package: pgffor 2013/12/13 v3.0.1a (rcs-revision 1.25)

(/usr/local/texlive/2016/texmf-dist/tex/generic/pgf/math/pgfmath.code.tex)
\pgffor@iter=\dimen164
\pgffor@skip=\dimen165
\pgffor@stack=\toks31
\pgffor@toks=\toks32
))
(/usr/local/texlive/2016/texmf-dist/tex/generic/pgf/frontendlayer/tikz/tikz.cod
e.tex
Package: tikz 2015/08/07 v3.0.1a (rcs-revision 1.151)

(/usr/local/texlive/2016/texmf-dist/tex/generic/pgf/libraries/pgflibraryplothan
dlers.code.tex
File: pgflibraryplothandlers.code.tex 2013/08/31 v3.0.1a (rcs-revision 1.20)
\pgf@plot@mark@count=\count108
\pgfplotmarksize=\dimen166
)
\tikz@lastx=\dimen167
\tikz@lasty=\dimen168
\tikz@lastxsaved=\dimen169
\tikz@lastysaved=\dimen170
\tikzleveldistance=\dimen171
\tikzsiblingdistance=\dimen172
\tikz@figbox=\box35
\tikz@figbox@bg=\box36
\tikz@tempbox=\box37
\tikz@tempbox@bg=\box38
\tikztreelevel=\count109
\tikznumberofchildren=\count110
\tikznumberofcurrentchild=\count111
\tikz@fig@count=\count112

(/usr/local/texlive/2016/texmf-dist/tex/generic/pgf/modules/pgfmodulematrix.cod
e.tex
File: pgfmodulematrix.code.tex 2013/09/17  (rcs-revision 1.8)
\pgfmatrixcurrentrow=\count113
\pgfmatrixcurrentcolumn=\count114
\pgf@matrix@numberofcolumns=\count115
)
\tikz@expandcount=\count116

(/usr/local/texlive/2016/texmf-dist/tex/generic/pgf/frontendlayer/tikz/librarie
s/tikzlibrarytopaths.code.tex
File: tikzlibrarytopaths.code.tex 2008/06/17 v3.0.1a (rcs-revision 1.2)
)))
(/usr/local/texlive/2016/texmf-dist/tex/generic/pgf/frontendlayer/tikz/librarie
s/tikzlibraryarrows.code.tex
File: tikzlibraryarrows.code.tex 2008/01/09 v3.0.1a (rcs-revision 1.1)

(/usr/local/texlive/2016/texmf-dist/tex/generic/pgf/libraries/pgflibraryarrows.
code.tex
File: pgflibraryarrows.code.tex 2013/09/23 v3.0.1a (rcs-revision 1.16)
\arrowsize=\dimen173
))
(/usr/local/texlive/2016/texmf-dist/tex/generic/pgf/frontendlayer/tikz/librarie
s/tikzlibrarypositioning.code.tex
File: tikzlibrarypositioning.code.tex 2008/10/06 v3.0.1a (rcs-revision 1.7)
)
(/usr/local/texlive/2016/texmf-dist/tex/latex/hyperref/hyperref.sty
Package: hyperref 2016/05/05 v6.83n Hypertext links for LaTeX

(/usr/local/texlive/2016/texmf-dist/tex/generic/oberdiek/hobsub-hyperref.sty
Package: hobsub-hyperref 2016/05/16 v1.14 Bundle oberdiek, subset hyperref (HO)


(/usr/local/texlive/2016/texmf-dist/tex/generic/oberdiek/hobsub-generic.sty
Package: hobsub-generic 2016/05/16 v1.14 Bundle oberdiek, subset generic (HO)
Package: hobsub 2016/05/16 v1.14 Construct package bundles (HO)
Package hobsub Info: Skipping package `infwarerr' (already loaded).
Package hobsub Info: Skipping package `ltxcmds' (already loaded).
Package: ifluatex 2016/05/16 v1.4 Provides the ifluatex switch (HO)
Package ifluatex Info: LuaTeX not detected.
Package hobsub Info: Skipping package `ifvtex' (already loaded).
Package: intcalc 2016/05/16 v1.2 Expandable calculations with integers (HO)
Package hobsub Info: Skipping package `ifpdf' (already loaded).
Package: etexcmds 2016/05/16 v1.6 Avoid name clashes with e-TeX commands (HO)
Package etexcmds Info: Could not find \expanded.
(etexcmds)             That can mean that you are not using pdfTeX 1.50 or
(etexcmds)             that some package has redefined \expanded.
(etexcmds)             In the latter case, load this package earlier.
Package: kvsetkeys 2016/05/16 v1.17 Key value parser (HO)
Package: kvdefinekeys 2016/05/16 v1.4 Define keys (HO)
Package: pdftexcmds 2016/05/10 v0.21 Utility functions of pdfTeX for LuaTeX (HO
)
Package pdftexcmds Info: LuaTeX not detected.
Package pdftexcmds Info: pdfTeX >= 1.30 not detected.
Package pdftexcmds Info: \pdf@primitive is available.
Package pdftexcmds Info: \pdf@ifprimitive is available.
Package pdftexcmds Info: \pdfdraftmode not found.
Package: pdfescape 2016/05/16 v1.14 Implements pdfTeX's escape features (HO)
Package: bigintcalc 2016/05/16 v1.4 Expandable calculations on big integers (HO
)
Package: bitset 2016/05/16 v1.2 Handle bit-vector datatype (HO)
Package: uniquecounter 2016/05/16 v1.3 Provide unlimited unique counter (HO)
)
Package hobsub Info: Skipping package `hobsub' (already loaded).
Package: letltxmacro 2016/05/16 v1.5 Let assignment for LaTeX macros (HO)
Package: hopatch 2016/05/16 v1.3 Wrapper for package hooks (HO)
Package: xcolor-patch 2016/05/16 xcolor patch
Package: atveryend 2016/05/16 v1.9 Hooks at the very end of document (HO)
Package atveryend Info: \enddocument detected (standard20110627).
Package: atbegshi 2016/05/16 v1.17 At begin shipout hook (HO)
Package: refcount 2016/05/16 v3.5 Data extraction from label references (HO)
Package: hycolor 2016/05/16 v1.8 Color options for hyperref/bookmark (HO)
)
(/usr/local/texlive/2016/texmf-dist/tex/latex/oberdiek/auxhook.sty
Package: auxhook 2016/05/16 v1.4 Hooks for auxiliary files (HO)
)
(/usr/local/texlive/2016/texmf-dist/tex/latex/oberdiek/kvoptions.sty
Package: kvoptions 2016/05/16 v3.12 Key value format for package options (HO)
)
\@linkdim=\dimen174
\Hy@linkcounter=\count117
\Hy@pagecounter=\count118

(/usr/local/texlive/2016/texmf-dist/tex/latex/hyperref/pd1enc.def
File: pd1enc.def 2016/05/05 v6.83n Hyperref: PDFDocEncoding definition (HO)
)
\Hy@SavedSpaceFactor=\count119

(/usr/local/texlive/2016/texmf-dist/tex/latex/latexconfig/hyperref.cfg
File: hyperref.cfg 2002/06/06 v1.2 hyperref configuration of TeXLive
)
Package hyperref Info: Hyper figures OFF on input line 4446.
Package hyperref Info: Link nesting OFF on input line 4451.
Package hyperref Info: Hyper index ON on input line 4454.
Package hyperref Info: Plain pages OFF on input line 4461.
Package hyperref Info: Backreferencing OFF on input line 4466.
Package hyperref Info: Implicit mode ON; LaTeX internals redefined.
Package hyperref Info: Bookmarks ON on input line 4691.
\c@Hy@tempcnt=\count120
LaTeX Info: Redefining \url on input line 5044.
\XeTeXLinkMargin=\dimen175
\Fld@menulength=\count121
\Field@Width=\dimen176
\Fld@charsize=\dimen177
Package hyperref Info: Hyper figures OFF on input line 6298.
Package hyperref Info: Link nesting OFF on input line 6303.
Package hyperref Info: Hyper index ON on input line 6306.
Package hyperref Info: backreferencing OFF on input line 6313.
Package hyperref Info: Link coloring OFF on input line 6318.
Package hyperref Info: Link coloring with OCG OFF on input line 6323.
Package hyperref Info: PDF/A mode OFF on input line 6328.
LaTeX Info: Redefining \ref on input line 6368.
LaTeX Info: Redefining \pageref on input line 6372.
\Hy@abspage=\count122
\c@Item=\count123
\c@Hfootnote=\count124
)

Package hyperref Message: Driver (autodetected): hxetex.

(/usr/local/texlive/2016/texmf-dist/tex/latex/hyperref/hxetex.def
File: hxetex.def 2016/05/05 v6.83n Hyperref driver for XeTeX

(/usr/local/texlive/2016/texmf-dist/tex/latex/hyperref/puenc.def
File: puenc.def 2016/05/05 v6.83n Hyperref: PDF Unicode definition (HO)
)
(/usr/local/texlive/2016/texmf-dist/tex/generic/oberdiek/stringenc.sty
Package: stringenc 2016/05/16 v1.11 Convert strings between diff. encodings (HO
)
)
\pdfm@box=\box39
\c@Hy@AnnotLevel=\count125
\HyField@AnnotCount=\count126
\Fld@listcount=\count127
\c@bookmark@seq@number=\count128

(/usr/local/texlive/2016/texmf-dist/tex/latex/oberdiek/rerunfilecheck.sty
Package: rerunfilecheck 2016/05/16 v1.8 Rerun checks for auxiliary files (HO)
Package rerunfilecheck Info: Feature \pdfmdfivesum is not available
(rerunfilecheck)             (e.g. pdfTeX or LuaTeX with package `pdftexcmds').

(rerunfilecheck)             Therefore file contents cannot be checked efficien
tly
(rerunfilecheck)             and the loading of the package is aborted.
)
\Hy@SectionHShift=\skip58
)
Package hyperref Info: Option `colorlinks' set `false' on input line 43.

(/usr/local/texlive/2016/texmf-dist/tex/latex/algorithms/algorithm.sty
Invalid UTF-8 byte or sequence at line 11 replaced by U+FFFD.
Package: algorithm 2009/08/24 v0.1 Document Style `algorithm' - floating enviro
nment

(/usr/local/texlive/2016/texmf-dist/tex/latex/base/ifthen.sty
Package: ifthen 2014/09/29 v1.1c Standard LaTeX ifthen package (DPC)
)
\@float@every@algorithm=\toks33
\c@algorithm=\count129
)
(/usr/local/texlive/2016/texmf-dist/tex/latex/algorithmicx/algpseudocode.sty
Package: algpseudocode 

(/usr/local/texlive/2016/texmf-dist/tex/latex/algorithmicx/algorithmicx.sty
Package: algorithmicx 2005/04/27 v1.2 Algorithmicx

Document Style algorithmicx 1.2 - a greatly improved `algorithmic' style
\c@ALG@line=\count130
\c@ALG@rem=\count131
\c@ALG@nested=\count132
\ALG@tlm=\skip59
\ALG@thistlm=\skip60
\c@ALG@Lnr=\count133
\c@ALG@blocknr=\count134
\c@ALG@storecount=\count135
\c@ALG@tmpcounter=\count136
\ALG@tmplength=\skip61
)
Document Style - pseudocode environments for use with the `algorithmicx' style
) (./mathcmds.tex
(/usr/local/texlive/2016/texmf-dist/tex/latex/amsmath/amsmath.sty
Package: amsmath 2016/03/10 v2.15b AMS math features
\@mathmargin=\skip62

For additional information on amsmath, use the `?' option.
(/usr/local/texlive/2016/texmf-dist/tex/latex/amsmath/amstext.sty
Package: amstext 2000/06/29 v2.01 AMS text

(/usr/local/texlive/2016/texmf-dist/tex/latex/amsmath/amsgen.sty
File: amsgen.sty 1999/11/30 v2.0 generic functions
\@emptytoks=\toks34
\ex@=\dimen178
))
(/usr/local/texlive/2016/texmf-dist/tex/latex/amsmath/amsbsy.sty
Package: amsbsy 1999/11/29 v1.2d Bold Symbols
\pmbraise@=\dimen179
)
(/usr/local/texlive/2016/texmf-dist/tex/latex/amsmath/amsopn.sty
Package: amsopn 2016/03/08 v2.02 operator names
)
\inf@bad=\count137
LaTeX Info: Redefining \frac on input line 199.
\uproot@=\count138
\leftroot@=\count139
LaTeX Info: Redefining \overline on input line 297.
\classnum@=\count140
\DOTSCASE@=\count141
LaTeX Info: Redefining \ldots on input line 394.
LaTeX Info: Redefining \dots on input line 397.
LaTeX Info: Redefining \cdots on input line 518.
\Mathstrutbox@=\box40
\strutbox@=\box41
\big@size=\dimen180
LaTeX Font Info:    Redeclaring font encoding OML on input line 634.
LaTeX Font Info:    Redeclaring font encoding OMS on input line 635.
\macc@depth=\count142
\c@MaxMatrixCols=\count143
\dotsspace@=\muskip11
\c@parentequation=\count144
\dspbrk@lvl=\count145
\tag@help=\toks35
\row@=\count146
\column@=\count147
\maxfields@=\count148
\andhelp@=\toks36
\eqnshift@=\dimen181
\alignsep@=\dimen182
\tagshift@=\dimen183
\tagwidth@=\dimen184
\totwidth@=\dimen185
\lineht@=\dimen186
\@envbody=\toks37
\multlinegap=\skip63
\multlinetaggap=\skip64
\mathdisplay@stack=\toks38
LaTeX Info: Redefining \[ on input line 2739.
LaTeX Info: Redefining \] on input line 2740.
)
(/usr/local/texlive/2016/texmf-dist/tex/latex/amscls/amsthm.sty
Package: amsthm 2015/03/04 v2.20.2
\thm@style=\toks39
\thm@bodyfont=\toks40
\thm@headfont=\toks41
\thm@notefont=\toks42
\thm@headpunct=\toks43
\thm@preskip=\skip65
\thm@postskip=\skip66
\thm@headsep=\skip67
\dth@everypar=\toks44
)
(/usr/local/texlive/2016/texmf-dist/tex/latex/amsmath/amscd.sty
Package: amscd 1999/11/29 v2.0 AMS Commutatitive Diagrams
\athelp@=\toks45
\minaw@=\dimen187
\bigaw@=\dimen188
\minCDarrowwidth=\dimen189
)
(/usr/local/texlive/2016/texmf-dist/tex/latex/amsfonts/amsfonts.sty
Package: amsfonts 2013/01/14 v3.01 Basic AMSFonts support
\symAMSa=\mathgroup4
\symAMSb=\mathgroup5
LaTeX Font Info:    Overwriting math alphabet `\mathfrak' in version `bold'
(Font)                  U/euf/m/n --> U/euf/b/n on input line 106.
)
(/usr/local/texlive/2016/texmf-dist/tex/latex/amsfonts/amssymb.sty
Package: amssymb 2013/01/14 v3.01 AMS font symbols
)
(/usr/local/texlive/2016/texmf-dist/tex/latex/cases/cases.sty
Package: cases 2002/05/02 ver 2.5 
)
(/usr/local/texlive/2016/texmf-dist/tex/generic/xypic/xy.sty
(/usr/local/texlive/2016/texmf-dist/tex/generic/xypic/xy.tex Bootstrap'ing:
catcodes, docmode,
(/usr/local/texlive/2016/texmf-dist/tex/generic/xypic/xyrecat.tex)
(/usr/local/texlive/2016/texmf-dist/tex/generic/xypic/xyidioms.tex)

 Xy-pic version 3.8.9 <2013/10/06>
 Copyright (c) 1991-2013 by Kristoffer H. Rose <krisrose@tug.org> and others
 Xy-pic is free software: see the User's Guide for details.

Loading kernel: messages; fonts; allocations: state,
\X@c=\dimen190
\Y@c=\dimen191
\U@c=\dimen192
\D@c=\dimen193
\L@c=\dimen194
\R@c=\dimen195
\Edge@c=\toks46
\X@p=\dimen196
\Y@p=\dimen197
\U@p=\dimen198
\D@p=\dimen199
\L@p=\dimen256
\R@p=\dimen257
\Edge@p=\toks47
\X@origin=\dimen258
\Y@origin=\dimen259
\X@xbase=\dimen260
\Y@xbase=\dimen261
\X@ybase=\dimen262
\Y@ybase=\dimen263
\X@min=\dimen264
\Y@min=\dimen265
\X@max=\dimen266
\Y@max=\dimen267
\lastobjectbox@=\box42
\zerodotbox@=\box43
\almostz@=\dimen268
 direction,
\d@X=\dimen269
\d@Y=\dimen270
\K@=\count149
\KK@=\count150
\Direction=\count151
\K@dXdY=\dimen271
\K@dYdX=\dimen272
\xyread@=\read3
\xywrite@=\write4
\csp@=\count152
\quotPTK@=\dimen273

utility macros; pictures: \xy, positions,
\swaptoks@@=\toks48
\connectobjectbox@@=\box44
 objects,
\styletoks@=\toks49
 decorations;
kernel objects: directionals, circles, text; options; algorithms: directions,
edges, connections;  Xy-pic loaded)
Package: xy 2013/10/06 Xy-pic version 3.8.9

(/usr/local/texlive/2016/texmf-dist/tex/generic/xypic/xyall.tex
 Xy-pic option: All features v.3.8
(/usr/local/texlive/2016/texmf-dist/tex/generic/xypic/xycurve.tex
 Xy-pic option: Curve and Spline extension v.3.12 curve,
\crv@cnt@=\count153
\crvpts@=\toks50
\splinebox@=\box45
\splineval@=\dimen274
\splinedepth@=\dimen275
\splinetol@=\dimen276
\splinelength@=\dimen277
 circles,
\L@=\dimen278
 loaded)
(/usr/local/texlive/2016/texmf-dist/tex/generic/xypic/xyframe.tex
 Xy-pic option: Frame and Bracket extension v.3.14 loaded)
(/usr/local/texlive/2016/texmf-dist/tex/generic/xypic/xycmtip.tex
 Xy-pic option: Computer Modern tip extension v.3.7
(/usr/local/texlive/2016/texmf-dist/tex/generic/xypic/xytips.tex
 Xy-pic option: More Tips extension v.3.11 loaded) loaded)
(/usr/local/texlive/2016/texmf-dist/tex/generic/xypic/xyline.tex
 Xy-pic option: Line styles extension v.3.10
\xylinethick@=\dimen279
 loaded)
(/usr/local/texlive/2016/texmf-dist/tex/generic/xypic/xyrotate.tex
 Xy-pic option: Rotate and Scale extension v.3.8 loaded)
(/usr/local/texlive/2016/texmf-dist/tex/generic/xypic/xycolor.tex
 Xy-pic option: Colour extension v.3.11 loaded)
(/usr/local/texlive/2016/texmf-dist/tex/generic/xypic/xymatrix.tex
 Xy-pic option: Matrix feature v.3.14
\Row=\count154
\Col=\count155
\queue@=\toks51
\queue@@=\toks52
\qcount@=\count156
\qcount@@=\count157
\matrixsize@=\count158
 loaded)
(/usr/local/texlive/2016/texmf-dist/tex/generic/xypic/xyarrow.tex
 Xy-pic option: Arrow and Path feature v.3.9 path, \ar, loaded)
(/usr/local/texlive/2016/texmf-dist/tex/generic/xypic/xygraph.tex
 Xy-pic option: Graph feature v.3.11 loaded) loaded))
LaTeX Info: Redefining \ccl_G on input line 119.
)
\c@thm=\count159

(/usr/local/texlive/2016/texmf-dist/tex/latex/setspace/setspace.sty
Package: setspace 2011/12/19 v6.7a set line spacing
)
(/usr/local/texlive/2016/texmf-dist/tex/latex/koma-script/tocstyle.sty
Package: tocstyle 2016/04/12 v0.2h-alpha KOMA-Script package (versatile toc sty
les)


Package tocstyle Warning: THIS IS AN ALPHA VERSION!
(tocstyle)                USAGE OF THIS VERSION IS ON YOUR OWN RISK!
(tocstyle)                EVERYTHING MAY HAPPEN!
(tocstyle)                EVERYTHING MAY CHANGE IN FUTURE!
(tocstyle)                THERE IS NO SUPPORT, IF YOU USE THIS PACKAGE!
(tocstyle)                Maybe it would be better, not to load this package.

\tocstyle@indentstyle=\count160
Package tocstyle Info: no tocstyle.cfg found on input line 956.
)
exclude: 
exclude: 
exclude: 
exclude: 
exclude: 
exclude: 
exclude: 
(./thesis.aux (./Cover.aux) (./Acknowledgements.aux) (./Abstract.aux)
(./01-dm.aux) (./02-rc.aux) (./03-ar.aux))
\openout1 = `thesis.aux'.

LaTeX Font Info:    Checking defaults for OML/cmm/m/it on input line 215.
LaTeX Font Info:    ... okay on input line 215.
LaTeX Font Info:    Checking defaults for T1/cmr/m/n on input line 215.
LaTeX Font Info:    ... okay on input line 215.
LaTeX Font Info:    Checking defaults for OT1/cmr/m/n on input line 215.
LaTeX Font Info:    ... okay on input line 215.
LaTeX Font Info:    Checking defaults for OMS/cmsy/m/n on input line 215.
LaTeX Font Info:    ... okay on input line 215.
LaTeX Font Info:    Checking defaults for OMX/cmex/m/n on input line 215.
LaTeX Font Info:    ... okay on input line 215.
LaTeX Font Info:    Checking defaults for U/cmr/m/n on input line 215.
LaTeX Font Info:    ... okay on input line 215.
LaTeX Font Info:    Checking defaults for PD1/pdf/m/n on input line 215.
LaTeX Font Info:    ... okay on input line 215.
LaTeX Font Info:    Checking defaults for PU/pdf/m/n on input line 215.
LaTeX Font Info:    ... okay on input line 215.

*geometry* driver: auto-detecting
*geometry* detected driver: xetex
*geometry* verbose mode - [ preamble ] result:
* driver: xetex
* paper: a4paper
* layout: <same size as paper>
* layoutoffset:(h,v)=(0.0pt,0.0pt)
* hratio: 1:1
* vratio: 1:1
* modes: twoside 
* h-part:(L,W,R)=(91.04872pt, 415.41043pt, 91.04872pt)
* v-part:(T,H,B)=(91.04872pt, 662.9494pt, 91.04872pt)
* \paperwidth=597.50787pt
* \paperheight=845.04684pt
* \textwidth=415.41043pt
* \textheight=662.9494pt
* \oddsidemargin=18.77873pt
* \evensidemargin=18.77873pt
* \topmargin=-13.09506pt
* \headheight=14.0pt
* \headsep=19.8738pt
* \topskip=11.0pt
* \footskip=27.46295pt
* \marginparwidth=106.0pt
* \marginparsep=7.0pt
* \columnsep=10.0pt
* \skip\footins=10.0pt plus 4.0pt minus 2.0pt
* \hoffset=0.0pt
* \voffset=0.0pt
* \mag=1000
* \@twocolumnfalse
* \@twosidetrue
* \@mparswitchtrue
* \@reversemarginfalse
* (1in=72.27pt=25.4mm, 1cm=28.453pt)

ABD: EveryShipout initializing macros
\AtBeginShipoutBox=\box46
Package hyperref Info: Link coloring OFF on input line 215.

(/usr/local/texlive/2016/texmf-dist/tex/latex/hyperref/nameref.sty
Package: nameref 2012/10/27 v2.43 Cross-referencing by name of section

(/usr/local/texlive/2016/texmf-dist/tex/generic/oberdiek/gettitlestring.sty
Package: gettitlestring 2016/05/16 v1.5 Cleanup title references (HO)
)
\c@section@level=\count161
)
LaTeX Info: Redefining \ref on input line 215.
LaTeX Info: Redefining \pageref on input line 215.
LaTeX Info: Redefining \nameref on input line 215.

(./thesis.out) (./thesis.out)
\@outlinefile=\write5
\openout5 = `thesis.out'.

Package tocstyle Info: prepare \l@part for redefinition on input line 215.
Package tocstyle Info: prepare \l@chapter for redefinition on input line 215.
Package tocstyle Info: prepare \l@section for redefinition on input line 215.
LaTeX Font Info:    Try loading font information for U+msa on input line 215.

(/usr/local/texlive/2016/texmf-dist/tex/latex/amsfonts/umsa.fd
File: umsa.fd 2013/01/14 v3.01 AMS symbols A
)
LaTeX Font Info:    Try loading font information for U+msb on input line 215.

(/usr/local/texlive/2016/texmf-dist/tex/latex/amsfonts/umsb.fd
File: umsb.fd 2013/01/14 v3.01 AMS symbols B
)
Package tocstyle Info: prepare \l@subsection for redefinition on input line 215
.
Package tocstyle Info: prepare \l@table for redefinition on input line 215.
Package tocstyle Info: prepare \l@figure for redefinition on input line 215.
\openout2 = `Cover.aux'.

 (./Cover.tex
(/usr/local/texlive/2016/texmf-dist/tex/generic/oberdiek/se-ascii-print.def
File: se-ascii-print.def 2016/05/16 v1.11 stringenc: Printable ASCII characters

)
[1





] [2

])
\openout2 = `Acknowledgements.aux'.

 (./Acknowledgements.tex) [3



]
\openout2 = `Abstract.aux'.

 (./Abstract.tex [4



]) [5] [6


]
(./thesis.toc
number indent by \l@... (toc, -1):  -32.84999pt
text indent by \l@... (toc, -1):  32.84999pt
number indent by parent (toc, -1):  -32.84999pt
text indent calculated (toc, -1): 32.84999pt
number indent calculated (toc, -1): 0.0pt
number indent by \l@... (toc, 0):  0.0pt
text indent by \l@... (toc, 0):  16.42499pt
number indent by parent (toc, 0):  0.0pt
text indent calculated (toc, 0): 18.86131pt
number indent calculated (toc, 0): 0.0pt
number indent by \l@... (toc, 1):  16.42499pt
text indent by \l@... (toc, 1):  25.18501pt
number indent by parent (toc, 1):  18.86131pt
text indent calculated (toc, 1): 30.40799pt
number indent calculated (toc, 1): 18.86131pt
number indent by \l@... (toc, 1):  16.42499pt
text indent by \l@... (toc, 1):  25.18501pt
number indent by parent (toc, 1):  18.86131pt
text indent calculated (toc, 1): 30.40799pt
number indent calculated (toc, 1): 18.86131pt
number indent by \l@... (toc, 1):  16.42499pt
text indent by \l@... (toc, 1):  25.18501pt
number indent by parent (toc, 1):  18.86131pt
text indent calculated (toc, 1): 30.40799pt
number indent calculated (toc, 1): 18.86131pt
number indent by \l@... (toc, 0):  0.0pt
text indent by \l@... (toc, 0):  16.42499pt
number indent by parent (toc, 0):  0.0pt
text indent calculated (toc, 0): 18.86131pt
number indent calculated (toc, 0): 0.0pt
number indent by \l@... (toc, 1):  16.42499pt
text indent by \l@... (toc, 1):  25.18501pt
number indent by parent (toc, 1):  18.86131pt
text indent calculated (toc, 1): 30.40799pt
number indent calculated (toc, 1): 18.86131pt
number indent by \l@... (toc, 1):  16.42499pt
text indent by \l@... (toc, 1):  25.18501pt
number indent by parent (toc, 1):  18.86131pt
text indent calculated (toc, 1): 30.40799pt
number indent calculated (toc, 1): 18.86131pt
number indent by \l@... (toc, 1):  16.42499pt
text indent by \l@... (toc, 1):  25.18501pt
number indent by parent (toc, 1):  18.86131pt
text indent calculated (toc, 1): 30.40799pt
number indent calculated (toc, 1): 18.86131pt
number indent by \l@... (toc, 0):  0.0pt
text indent by \l@... (toc, 0):  16.42499pt
number indent by parent (toc, 0):  0.0pt
text indent calculated (toc, 0): 18.86131pt
number indent calculated (toc, 0): 0.0pt
number indent by \l@... (toc, 1):  16.42499pt
text indent by \l@... (toc, 1):  25.18501pt
number indent by parent (toc, 1):  18.86131pt
text indent calculated (toc, 1): 30.40799pt
number indent calculated (toc, 1): 18.86131pt
number indent by \l@... (toc, 1):  16.42499pt
text indent by \l@... (toc, 1):  25.18501pt
number indent by parent (toc, 1):  18.86131pt
text indent calculated (toc, 1): 30.40799pt
number indent calculated (toc, 1): 18.86131pt
number indent by \l@... (toc, 2):  41.61002pt
text indent by \l@... (toc, 2):  35.03995pt
number indent by parent (toc, 2):  49.2693pt
text indent calculated (toc, 2): 38.91602pt
number indent calculated (toc, 2): 49.2693pt
number indent by \l@... (toc, 2):  41.61002pt
text indent by \l@... (toc, 2):  35.03995pt
number indent by parent (toc, 2):  49.2693pt
text indent calculated (toc, 2): 38.91602pt
number indent calculated (toc, 2): 49.2693pt
number indent by \l@... (toc, 1):  16.42499pt
text indent by \l@... (toc, 1):  25.18501pt
number indent by parent (toc, 1):  18.86131pt
text indent calculated (toc, 1): 30.40799pt
number indent calculated (toc, 1): 18.86131pt
number indent by \l@... (toc, 1):  16.42499pt
text indent by \l@... (toc, 1):  25.18501pt
number indent by parent (toc, 1):  18.86131pt
text indent calculated (toc, 1): 30.40799pt
number indent calculated (toc, 1): 18.86131pt
number indent by \l@... (toc, 0):  0.0pt
text indent by \l@... (toc, 0):  16.42499pt
number indent by parent (toc, 0):  0.0pt
text indent calculated (toc, 0): 18.86131pt
number indent calculated (toc, 0): 0.0pt
number indent by \l@... (toc, 1):  16.42499pt
text indent by \l@... (toc, 1):  25.18501pt
number indent by parent (toc, 1):  18.86131pt
text indent calculated (toc, 1): 30.40799pt
number indent calculated (toc, 1): 18.86131pt
number indent by \l@... (toc, 1):  16.42499pt
text indent by \l@... (toc, 1):  25.18501pt
number indent by parent (toc, 1):  18.86131pt
text indent calculated (toc, 1): 30.40799pt
number indent calculated (toc, 1): 18.86131pt
number indent by \l@... (toc, 1):  16.42499pt
text indent by \l@... (toc, 1):  25.18501pt
number indent by parent (toc, 1):  18.86131pt
text indent calculated (toc, 1): 30.40799pt
number indent calculated (toc, 1): 18.86131pt
number indent by \l@... (toc, 2):  41.61002pt
text indent by \l@... (toc, 2):  35.03995pt
number indent by parent (toc, 2):  49.2693pt
text indent calculated (toc, 2): 38.91602pt
number indent calculated (toc, 2): 49.2693pt

Underfull \vbox (badness 2846) has occurred while \output is active []

 [7]
number indent by \l@... (toc, 2):  41.61002pt
text indent by \l@... (toc, 2):  35.03995pt
number indent by parent (toc, 2):  49.2693pt
text indent calculated (toc, 2): 38.91602pt
number indent calculated (toc, 2): 49.2693pt
number indent by \l@... (toc, 2):  41.61002pt
text indent by \l@... (toc, 2):  35.03995pt
number indent by parent (toc, 2):  49.2693pt
text indent calculated (toc, 2): 38.91602pt
number indent calculated (toc, 2): 49.2693pt
number indent by \l@... (toc, 1):  16.42499pt
text indent by \l@... (toc, 1):  25.18501pt
number indent by parent (toc, 1):  18.86131pt
text indent calculated (toc, 1): 30.40799pt
number indent calculated (toc, 1): 18.86131pt
number indent by \l@... (toc, 1):  16.42499pt
text indent by \l@... (toc, 1):  25.18501pt
number indent by parent (toc, 1):  18.86131pt
text indent calculated (toc, 1): 30.40799pt
number indent calculated (toc, 1): 18.86131pt
number indent by \l@... (toc, 2):  41.61002pt
text indent by \l@... (toc, 2):  35.03995pt
number indent by parent (toc, 2):  49.2693pt
text indent calculated (toc, 2): 38.91602pt
number indent calculated (toc, 2): 49.2693pt
number indent by \l@... (toc, 2):  41.61002pt
text indent by \l@... (toc, 2):  35.03995pt
number indent by parent (toc, 2):  49.2693pt
text indent calculated (toc, 2): 38.91602pt
number indent calculated (toc, 2): 49.2693pt
number indent by \l@... (toc, 2):  41.61002pt
text indent by \l@... (toc, 2):  35.03995pt
number indent by parent (toc, 2):  49.2693pt
text indent calculated (toc, 2): 38.91602pt
number indent calculated (toc, 2): 49.2693pt
number indent by \l@... (toc, 1):  16.42499pt
text indent by \l@... (toc, 1):  25.18501pt
number indent by parent (toc, 1):  18.86131pt
text indent calculated (toc, 1): 30.40799pt
number indent calculated (toc, 1): 18.86131pt
number indent by \l@... (toc, 0):  0.0pt
text indent by \l@... (toc, 0):  16.42499pt
number indent by parent (toc, 0):  0.0pt
text indent calculated (toc, 0): 18.86131pt
number indent calculated (toc, 0): 0.0pt
number indent by \l@... (toc, 1):  16.42499pt
text indent by \l@... (toc, 1):  25.18501pt
number indent by parent (toc, 1):  18.86131pt
text indent calculated (toc, 1): 30.40799pt
number indent calculated (toc, 1): 18.86131pt
number indent by \l@... (toc, 1):  16.42499pt
text indent by \l@... (toc, 1):  25.18501pt
number indent by parent (toc, 1):  18.86131pt
text indent calculated (toc, 1): 30.40799pt
number indent calculated (toc, 1): 18.86131pt
number indent by \l@... (toc, 1):  16.42499pt
text indent by \l@... (toc, 1):  25.18501pt
number indent by parent (toc, 1):  18.86131pt
text indent calculated (toc, 1): 30.40799pt
number indent calculated (toc, 1): 18.86131pt
number indent by \l@... (toc, 2):  41.61002pt
text indent by \l@... (toc, 2):  35.03995pt
number indent by parent (toc, 2):  49.2693pt
text indent calculated (toc, 2): 38.91602pt
number indent calculated (toc, 2): 49.2693pt
number indent by \l@... (toc, 2):  41.61002pt
text indent by \l@... (toc, 2):  35.03995pt
number indent by parent (toc, 2):  49.2693pt
text indent calculated (toc, 2): 38.91602pt
number indent calculated (toc, 2): 49.2693pt
number indent by \l@... (toc, 2):  41.61002pt
text indent by \l@... (toc, 2):  35.03995pt
number indent by parent (toc, 2):  49.2693pt
text indent calculated (toc, 2): 38.91602pt
number indent calculated (toc, 2): 49.2693pt
number indent by \l@... (toc, 0):  0.0pt
text indent by \l@... (toc, 0):  16.42499pt
number indent by parent (toc, 0):  0.0pt
text indent calculated (toc, 0): 18.86131pt
number indent calculated (toc, 0): 0.0pt
number indent by \l@... (toc, 1):  16.42499pt
text indent by \l@... (toc, 1):  25.18501pt
number indent by parent (toc, 1):  18.86131pt
text indent calculated (toc, 1): 30.40799pt
number indent calculated (toc, 1): 18.86131pt
number indent by \l@... (toc, 1):  16.42499pt
text indent by \l@... (toc, 1):  25.18501pt
number indent by parent (toc, 1):  18.86131pt
text indent calculated (toc, 1): 30.40799pt
number indent calculated (toc, 1): 18.86131pt
number indent by \l@... (toc, 1):  16.42499pt
text indent by \l@... (toc, 1):  25.18501pt
number indent by parent (toc, 1):  18.86131pt
text indent calculated (toc, 1): 30.40799pt
number indent calculated (toc, 1): 18.86131pt
number indent by \l@... (toc, 1):  16.42499pt
text indent by \l@... (toc, 1):  25.18501pt
number indent by parent (toc, 1):  18.86131pt
text indent calculated (toc, 1): 30.40799pt
number indent calculated (toc, 1): 18.86131pt
number indent by \l@... (toc, 1):  16.42499pt
text indent by \l@... (toc, 1):  25.18501pt
number indent by parent (toc, 1):  18.86131pt
text indent calculated (toc, 1): 30.40799pt
number indent calculated (toc, 1): 18.86131pt
number indent by \l@... (toc, 1):  16.42499pt
text indent by \l@... (toc, 1):  25.18501pt
number indent by parent (toc, 1):  18.86131pt
text indent calculated (toc, 1): 30.40799pt
number indent calculated (toc, 1): 18.86131pt
number indent by \l@... (toc, 1):  16.42499pt
text indent by \l@... (toc, 1):  25.18501pt
number indent by parent (toc, 1):  18.86131pt
text indent calculated (toc, 1): 30.40799pt
number indent calculated (toc, 1): 18.86131pt
number indent by \l@... (toc, 1):  16.42499pt
text indent by \l@... (toc, 1):  25.18501pt
number indent by parent (toc, 1):  18.86131pt
text indent calculated (toc, 1): 30.40799pt
number indent calculated (toc, 1): 18.86131pt
number indent by \l@... (toc, -1):  -32.84999pt
text indent by \l@... (toc, -1):  32.84999pt
number indent by parent (toc, -1):  -32.84999pt
text indent calculated (toc, -1): 32.84999pt
number indent calculated (toc, -1): 0.0pt
number indent by \l@... (toc, 0):  0.0pt
text indent by \l@... (toc, 0):  16.42499pt
number indent by parent (toc, 0):  0.0pt
text indent calculated (toc, 0): 18.86131pt
number indent calculated (toc, 0): 0.0pt
number indent by \l@... (toc, 0):  0.0pt
text indent by \l@... (toc, 0):  16.42499pt
number indent by parent (toc, 0):  0.0pt
text indent calculated (toc, 0): 18.86131pt
number indent calculated (toc, 0): 0.0pt
number indent by \l@... (toc, 1):  16.42499pt
text indent by \l@... (toc, 1):  25.18501pt
number indent by parent (toc, 1):  18.86131pt
text indent calculated (toc, 1): 30.40799pt
number indent calculated (toc, 1): 18.86131pt
[8]
number indent by \l@... (toc, 1):  16.42499pt
text indent by \l@... (toc, 1):  25.18501pt
number indent by parent (toc, 1):  18.86131pt
text indent calculated (toc, 1): 30.40799pt
number indent calculated (toc, 1): 18.86131pt
number indent by \l@... (toc, 1):  16.42499pt
text indent by \l@... (toc, 1):  25.18501pt
number indent by parent (toc, 1):  18.86131pt
text indent calculated (toc, 1): 30.40799pt
number indent calculated (toc, 1): 18.86131pt
number indent by \l@... (toc, 1):  16.42499pt
text indent by \l@... (toc, 1):  25.18501pt
number indent by parent (toc, 1):  18.86131pt
text indent calculated (toc, 1): 30.40799pt
number indent calculated (toc, 1): 18.86131pt
number indent by \l@... (toc, 0):  0.0pt
text indent by \l@... (toc, 0):  16.42499pt
number indent by parent (toc, 0):  0.0pt
text indent calculated (toc, 0): 18.86131pt
number indent calculated (toc, 0): 0.0pt
number indent by \l@... (toc, -1):  -32.84999pt
text indent by \l@... (toc, -1):  32.84999pt
number indent by parent (toc, -1):  -32.84999pt
text indent calculated (toc, -1): 32.84999pt
number indent calculated (toc, -1): 0.0pt
number indent by \l@... (toc, 0):  0.0pt
text indent by \l@... (toc, 0):  16.42499pt
number indent by parent (toc, 0):  0.0pt
text indent calculated (toc, 0): 18.86131pt
number indent calculated (toc, 0): 0.0pt
number indent by \l@... (toc, 1):  16.42499pt
text indent by \l@... (toc, 1):  25.18501pt
number indent by parent (toc, 1):  18.86131pt
text indent calculated (toc, 1): 30.40799pt
number indent calculated (toc, 1): 18.86131pt
number indent by \l@... (toc, 1):  16.42499pt
text indent by \l@... (toc, 1):  25.18501pt
number indent by parent (toc, 1):  18.86131pt
text indent calculated (toc, 1): 30.40799pt
number indent calculated (toc, 1): 18.86131pt
number indent by \l@... (toc, 1):  16.42499pt
text indent by \l@... (toc, 1):  25.18501pt
number indent by parent (toc, 1):  18.86131pt
text indent calculated (toc, 1): 30.40799pt
number indent calculated (toc, 1): 18.86131pt
number indent by \l@... (toc, 1):  16.42499pt
text indent by \l@... (toc, 1):  25.18501pt
number indent by parent (toc, 1):  18.86131pt
text indent calculated (toc, 1): 30.40799pt
number indent calculated (toc, 1): 18.86131pt
number indent by \l@... (toc, 1):  16.42499pt
text indent by \l@... (toc, 1):  25.18501pt
number indent by parent (toc, 1):  18.86131pt
text indent calculated (toc, 1): 30.40799pt
number indent calculated (toc, 1): 18.86131pt
number indent by \l@... (toc, 1):  16.42499pt
text indent by \l@... (toc, 1):  25.18501pt
number indent by parent (toc, 1):  18.86131pt
text indent calculated (toc, 1): 30.40799pt
number indent calculated (toc, 1): 18.86131pt
number indent by \l@... (toc, 1):  16.42499pt
text indent by \l@... (toc, 1):  25.18501pt
number indent by parent (toc, 1):  18.86131pt
text indent calculated (toc, 1): 30.40799pt
number indent calculated (toc, 1): 18.86131pt
number indent by \l@... (toc, 1):  16.42499pt
text indent by \l@... (toc, 1):  25.18501pt
number indent by parent (toc, 1):  18.86131pt
text indent calculated (toc, 1): 30.40799pt
number indent calculated (toc, 1): 18.86131pt
number indent by \l@... (toc, 1):  16.42499pt
text indent by \l@... (toc, 1):  25.18501pt
number indent by parent (toc, 1):  18.86131pt
text indent calculated (toc, 1): 30.40799pt
number indent calculated (toc, 1): 18.86131pt
number indent by \l@... (toc, 1):  16.42499pt
text indent by \l@... (toc, 1):  25.18501pt
number indent by parent (toc, 1):  18.86131pt
text indent calculated (toc, 1): 30.40799pt
number indent calculated (toc, 1): 18.86131pt
number indent by \l@... (toc, 1):  16.42499pt
text indent by \l@... (toc, 1):  25.18501pt
number indent by parent (toc, 1):  18.86131pt
text indent calculated (toc, 1): 30.40799pt
number indent calculated (toc, 1): 18.86131pt
number indent by \l@... (toc, 1):  16.42499pt
text indent by \l@... (toc, 1):  25.18501pt
number indent by parent (toc, 1):  18.86131pt
text indent calculated (toc, 1): 30.40799pt
number indent calculated (toc, 1): 18.86131pt
number indent by \l@... (toc, 1):  16.42499pt
text indent by \l@... (toc, 1):  25.18501pt
number indent by parent (toc, 1):  18.86131pt
text indent calculated (toc, 1): 30.40799pt
number indent calculated (toc, 1): 18.86131pt
number indent by \l@... (toc, 2):  41.61002pt
text indent by \l@... (toc, 2):  35.03995pt
number indent by parent (toc, 2):  49.2693pt
text indent calculated (toc, 2): 38.91602pt
number indent calculated (toc, 2): 49.2693pt
number indent by \l@... (toc, 2):  41.61002pt
text indent by \l@... (toc, 2):  35.03995pt
number indent by parent (toc, 2):  49.2693pt
text indent calculated (toc, 2): 38.91602pt
number indent calculated (toc, 2): 49.2693pt
number indent by \l@... (toc, 2):  41.61002pt
text indent by \l@... (toc, 2):  35.03995pt
number indent by parent (toc, 2):  49.2693pt
text indent calculated (toc, 2): 38.91602pt
number indent calculated (toc, 2): 49.2693pt
number indent by \l@... (toc, 1):  16.42499pt
text indent by \l@... (toc, 1):  25.18501pt
number indent by parent (toc, 1):  18.86131pt
text indent calculated (toc, 1): 30.40799pt
number indent calculated (toc, 1): 18.86131pt
number indent by \l@... (toc, 2):  41.61002pt
text indent by \l@... (toc, 2):  35.03995pt
number indent by parent (toc, 2):  49.2693pt
text indent calculated (toc, 2): 38.91602pt
number indent calculated (toc, 2): 49.2693pt
number indent by \l@... (toc, 2):  41.61002pt
text indent by \l@... (toc, 2):  35.03995pt
number indent by parent (toc, 2):  49.2693pt
text indent calculated (toc, 2): 38.91602pt
number indent calculated (toc, 2): 49.2693pt
number indent by \l@... (toc, 2):  41.61002pt
text indent by \l@... (toc, 2):  35.03995pt
number indent by parent (toc, 2):  49.2693pt
text indent calculated (toc, 2): 38.91602pt
number indent calculated (toc, 2): 49.2693pt
number indent by \l@... (toc, 1):  16.42499pt
text indent by \l@... (toc, 1):  25.18501pt
number indent by parent (toc, 1):  18.86131pt
text indent calculated (toc, 1): 30.40799pt
number indent calculated (toc, 1): 18.86131pt
[9]
number indent by \l@... (toc, -1):  -32.84999pt
text indent by \l@... (toc, -1):  32.84999pt
number indent by parent (toc, -1):  -32.84999pt
text indent calculated (toc, -1): 32.84999pt
number indent calculated (toc, -1): 0.0pt
)
\tf@toc=\write6
\openout6 = `thesis.toc'.

 [10] [1


] [2]
\openout2 = `01-dm.aux'.

 (./01-dm.tex
Chapter 1.
(./01-dm-01-intro.tex [3


]
LaTeX Font Info:    Try loading font information for U+euf on input line 58.

(/usr/local/texlive/2016/texmf-dist/tex/latex/amsfonts/ueuf.fd
File: ueuf.fd 2013/01/14 v3.01 Euler Fraktur
) [4] [5]
[6]) [7] [8

]
Chapter 2.
(./01-dm-02-intro.tex [9] [10] [11] <xymatrix 2x2 182>
Underfull \vbox (badness 5771) has occurred while \output is active []

 [12]
[13]) [14]
Chapter 3.
(./01-dm-03-diagfrob.tex
Underfull \vbox (badness 10000) has occurred while \output is active []

 [15

]
Underfull \vbox (badness 10000) has occurred while \output is active []

 [16]
[17] [18] [19]

Package hyperref Warning: Token not allowed in a PDF string (Unicode):
(hyperref)                removing `math shift' on input line 225.


Package hyperref Warning: Token not allowed in a PDF string (Unicode):
(hyperref)                removing `math shift' on input line 225.

[20] [21]
Underfull \vbox (badness 10000) has occurred while \output is active []

 [22]
[23] [24]
Package hyperref Info: bookmark level for unknown algorithm defaults to 0 on in
put line 501.
 [25] [26] [27] [28]) [29] [30

]
Chapter 4.
(./01-dm-04-connection.tex [31] [32] [33] [34] [35] [36] [37] [38] [39]
LaTeX Font Info:    Try loading font information for OMS+aer on input line 495.


(/usr/local/texlive/2016/texmf-dist/tex/latex/ae/omsaer.fd
File: omsaer.fd 1999/12/27
)
LaTeX Font Info:    Font shape `OMS/aer/m/n' in size <10.95> not available
(Font)              Font shape `OMS/cmsy/m/n' tried instead on input line 495.
 [40] [41] [42]
Underfull \vbox (badness 10000) has occurred while \output is active []

 [43]
LaTeX Font Info:    Try loading font information for T1+aett on input line 756.


(/usr/local/texlive/2016/texmf-dist/tex/latex/ae/t1aett.fd
File: t1aett.fd 1997/11/16 Font definitions for T1/aett.
) [44]

LaTeX Warning: `!h' float specifier changed to `!ht'.


Underfull \vbox (badness 10000) has occurred while \output is active []

 [45]
Underfull \vbox (badness 10000) has occurred while \output is active []

 [46]
[47]
Underfull \vbox (badness 10000) has occurred while \output is active []

 [48]
[49] [50]) [51] [52

]
Chapter 5.
(./01-dm-05-main.tex

Package hyperref Warning: Token not allowed in a PDF string (Unicode):
(hyperref)                removing `math shift' on input line 18.


Package hyperref Warning: Token not allowed in a PDF string (Unicode):
(hyperref)                removing `math shift' on input line 18.


Overfull \hbox (2.26143pt too wide) in paragraph at lines 20--27
\T1/aer/m/n/10.95 Recall that we let $\OT1/cmr/m/n/10.95 ^^H$ \T1/aer/m/n/10.95
 de-note the ma-trix for the $\OML/cmm/m/it/10.95 ^^[$\T1/aer/m/n/10.95 -semili
near ac-tion of $\OML/cmm/m/it/10.95 p[] [][]$ \T1/aer/m/n/10.95 on $\OML/cmm/m
/it/10.95 H[]\OT1/cmr/m/n/10.95 (\OML/cmm/m/it/10.95 U=S\OT1/cmr/m/n/10.95 )$\T
1/aer/m/n/10.95 ,
 []


Underfull \vbox (badness 2913) has occurred while \output is active []

 [53]
Underfull \vbox (badness 10000) has occurred while \output is active []

 [54]
[55] [56] [57] [58] [59] [60]

Package hyperref Warning: Token not allowed in a PDF string (Unicode):
(hyperref)                removing `math shift' on input line 387.


Package hyperref Warning: Token not allowed in a PDF string (Unicode):
(hyperref)                removing `superscript' on input line 387.


Package hyperref Warning: Token not allowed in a PDF string (Unicode):
(hyperref)                removing `\mathop' on input line 387.


Package hyperref Warning: Token not allowed in a PDF string (Unicode):
(hyperref)                removing `\mathcode' on input line 387.


Package hyperref Warning: Token not allowed in a PDF string (Unicode):
(hyperref)                removing `\mathcode' on input line 387.


Package hyperref Warning: Token not allowed in a PDF string (Unicode):
(hyperref)                removing `\mathcode' on input line 387.


Package hyperref Warning: Token not allowed in a PDF string (Unicode):
(hyperref)                removing `\Umathcharnumdef' on input line 387.


Package hyperref Warning: Token not allowed in a PDF string (Unicode):
(hyperref)                removing `\std@minus' on input line 387.


Package hyperref Warning: Token not allowed in a PDF string (Unicode):
(hyperref)                removing `\Umathcodenum' on input line 387.


Package hyperref Warning: Token not allowed in a PDF string (Unicode):
(hyperref)                removing `\mathcode' on input line 387.


Package hyperref Warning: Token not allowed in a PDF string (Unicode):
(hyperref)                removing `\mathcode' on input line 387.


Package hyperref Warning: Token not allowed in a PDF string (Unicode):
(hyperref)                removing `\mathcode' on input line 387.


Package hyperref Warning: Token not allowed in a PDF string (Unicode):
(hyperref)                \kern 2.43306pt
(hyperref)                removed on input line 387.


Package hyperref Warning: Token not allowed in a PDF string (Unicode):
(hyperref)                removing `\mathgroup' on input line 387.


Package hyperref Warning: Token not allowed in a PDF string (Unicode):
(hyperref)                removing `\symoperators' on input line 387.


Package hyperref Warning: Token not allowed in a PDF string (Unicode):
(hyperref)                removing `\@ifnextchar' on input line 387.


Package hyperref Warning: Token not allowed in a PDF string (Unicode):
(hyperref)                removing `subscript' on input line 387.


Package hyperref Warning: Token not allowed in a PDF string (Unicode):
(hyperref)                removing `math shift' on input line 387.


Package hyperref Warning: Token not allowed in a PDF string (Unicode):
(hyperref)                removing `math shift' on input line 387.


Package hyperref Warning: Token not allowed in a PDF string (Unicode):
(hyperref)                removing `subscript' on input line 387.


Package hyperref Warning: Token not allowed in a PDF string (Unicode):
(hyperref)                removing `superscript' on input line 387.


Package hyperref Warning: Token not allowed in a PDF string (Unicode):
(hyperref)                removing `subscript' on input line 387.


Package hyperref Warning: Token not allowed in a PDF string (Unicode):
(hyperref)                removing `subscript' on input line 387.


Package hyperref Warning: Token not allowed in a PDF string (Unicode):
(hyperref)                removing `math shift' on input line 387.

[61] [62]) [63] [64

]
Chapter 6.
(./01-dm-06-exmp.tex [65] [66] [67] [68]
Underfull \vbox (badness 1521) has occurred while \output is active []

 [69]
Underfull \vbox (badness 5203) has occurred while \output is active []

 [70]
Underfull \vbox (badness 10000) has occurred while \output is active []

 [71]
Underfull \vbox (badness 6032) has occurred while \output is active []

 [72]))
[73] [74


] [75] [76]
\openout2 = `02-rc.aux'.

 (./02-rc.tex
Chapter 7.
[77


]
Underfull \vbox (badness 3364) has occurred while \output is active []

 [78]
[79] [80

]
Chapter 8.

Overfull \hbox (9.12871pt too wide) in paragraph at lines 148--152
\T1/aer/m/n/10.95 clidean di-vi-sion with a div-i-dend of de-gree $\OT1/cmr/m/n
/10.95 2\OML/cmm/m/it/10.95 n$ \T1/aer/m/n/10.95 and a di-vi-sor of de-gree $\O
ML/cmm/m/it/10.95 n$ \T1/aer/m/n/10.95 in $\OMS/cmsy/m/n/10.95 O\OT1/cmr/m/n/10
.95 (\OML/cmm/m/it/10.95 n [] n [] [] n\OT1/cmr/m/n/10.95 )$
 []

[81]
Underfull \vbox (badness 8113) has occurred while \output is active []

 [82]
[83] [84] [85] [86]
Chapter 9.

Underfull \vbox (badness 4454) has occurred while \output is active []

 [87

])
[88] [89


] [90]
\openout2 = `03-ar.aux'.

 (./03-ar.tex
Chapter 10.

Package hyperref Warning: Token not allowed in a PDF string (Unicode):
(hyperref)                removing `math shift' on input line 5.


Package hyperref Warning: Token not allowed in a PDF string (Unicode):
(hyperref)                removing `math shift' on input line 5.

(./03-ar-03-padic.tex
Underfull \vbox (badness 7291) has occurred while \output is active []

 [91


]
Underfull \vbox (badness 10000) has occurred while \output is active []

 [92]
Underfull \vbox (badness 10000) has occurred while \output is active []

 [93]
[94] [95] [96] [97] [98] [99]
Underfull \vbox (badness 10000) has occurred while \output is active []

 [100]
[101]
Underfull \vbox (badness 3088) has occurred while \output is active []

 [102]
[103]
Underfull \vbox (badness 10000) has occurred while \output is active []

 [104]
[105] [106]
Underfull \vbox (badness 10000) has occurred while \output is active []

 [107]
[108]
Underfull \vbox (badness 2351) has occurred while \output is active []

 [109]
[110] [111]
File: bin/qp-mul.eps Graphic file (type eps)
 <bin/qp-mul.eps>
File: bin/qp-inv.eps Graphic file (type eps)
 <bin/qp-inv.eps>
Overfull \hbox (2.43086pt too wide) in paragraph at lines 930--938
[][] [] 
 []


Underfull \hbox (badness 10000) in paragraph at lines 930--938

 []

File: bin/qp-sqrt.eps Graphic file (type eps)
<bin/qp-sqrt.eps>
File: bin/qp-teichmuller.eps Graphic file (type eps)
 <bin/qp-teichmuller.eps>
Overfull \hbox (2.43086pt too wide) in paragraph at lines 939--947
[][] [] 
 []


Underfull \hbox (badness 10000) in paragraph at lines 939--947

 []

File: bin/qp-exp.eps Graphic file (type eps)
<bin/qp-exp.eps>
File: bin/qp-log.eps Graphic file (type eps)
 <bin/qp-log.eps>
Overfull \hbox (2.43086pt too wide) in paragraph at lines 948--961
[][] [] 
 []

File: bin/qq-mul.eps Graphic file (type eps)
<bin/qq-mul.eps>
File: bin/qq-inv.eps Graphic file (type eps)
 <bin/qq-inv.eps>
Overfull \hbox (2.43086pt too wide) in paragraph at lines 966--974
[][] [] 
 []


Underfull \hbox (badness 10000) in paragraph at lines 966--974

 []

File: bin/qq-sqrt.eps Graphic file (type eps)
<bin/qq-sqrt.eps>
File: bin/qq-teichmuller.eps Graphic file (type eps)
 <bin/qq-teichmuller.eps>
Overfull \hbox (2.43086pt too wide) in paragraph at lines 975--983
[][] [] 
 []


Underfull \hbox (badness 10000) in paragraph at lines 975--983

 []

File: bin/qq-frobenius.eps Graphic file (type eps)
<bin/qq-frobenius.eps>
File: bin/qq-trace.eps Graphic file (type eps)
 <bin/qq-trace.eps>
Overfull \hbox (2.43086pt too wide) in paragraph at lines 984--998
[][] [] 
 []

File: bin/qq-norm_d5.eps Graphic file (type eps)
<bin/qq-norm_d5.eps>
File: bin/qq-norm_d97.eps Graphic file (type eps)
 <bin/qq-norm_d97.eps>
Overfull \hbox (2.43086pt too wide) in paragraph at lines 1003--1011
[][] [] 
 []


Underfull \hbox (badness 10000) in paragraph at lines 1003--1011

 []

File: bin/qq-exp.eps Graphic file (type eps)
<bin/qq-exp.eps>
File: bin/qq-log.eps Graphic file (type eps)
 <bin/qq-log.eps>
Overfull \hbox (2.43086pt too wide) in paragraph at lines 1012--1025
[][] [] 
 []

)) [112] [113] [114] [115] [116


] (./thesis.bbl [117

] [118] [119] [120] [121])
[122]
Package atveryend Info: Empty hook `BeforeClearDocument' on input line 252.
Package atveryend Info: Empty hook `AfterLastShipout' on input line 252.
 (./thesis.aux (./Cover.aux) (./Acknowledgements.aux) (./Abstract.aux)
(./01-dm.aux) (./02-rc.aux) (./03-ar.aux))
Package atveryend Info: Empty hook `AtVeryEndDocument' on input line 252.
Package atveryend Info: Empty hook `AtEndAfterFileList' on input line 252.
Package atveryend Info: Empty hook `AtVeryVeryEnd' on input line 252.
 ) 
Here is how much of TeX's memory you used:
 24631 strings out of 493591
 422386 string characters out of 6143546
 521465 words of memory out of 5000000
 27500 multiletter control sequences out of 15000+600000
 61906 words of font info for 135 fonts, out of 8000000 for 9000
 1347 hyphenation exceptions out of 8191
 55i,19n,54p,1472b,665s stack positions out of 5000i,500n,10000p,200000b,80000s

Output written on thesis.xdv (132 pages, 466252 bytes).
